#
# A fatal error has been detected by the Java Runtime Environment:
#
#  Internal Error (safepoint.cpp:310), pid=5521, tid=0x00007f89eceab700
#  guarantee(PageArmed == 0) failed: invariant
#
# JRE version: Java(TM) SE Runtime Environment (8.0_121-b13) (build 1.8.0_121-b13)
# Java VM: Java HotSpot(TM) 64-Bit Server VM (25.121-b13 mixed mode linux-amd64 compressed oops)
# Failed to write core dump. Core dumps have been disabled. To enable core dumping, try "ulimit -c unlimited" before starting Java again
#
# If you would like to submit a bug report, please visit:
#   http://bugreport.java.com/bugreport/crash.jsp
#

---------------  T H R E A D  ---------------

Current thread (0x00007f8a00077800):  VMThread [stack: 0x00007f89ecdab000,0x00007f89eceac000] [id=5532]

Stack: [0x00007f89ecdab000,0x00007f89eceac000],  sp=0x00007f89eceaa770,  free space=1021k
Native frames: (J=compiled Java code, j=interpreted, Vv=VM code, C=native code)
V  [libjvm.so+0xac703a]  VMError::report_and_die()+0x2ba
V  [libjvm.so+0x4fbf72]  report_vm_error(char const*, int, char const*, char const*)+0x62
V  [libjvm.so+0x9bdc54]  SafepointSynchronize::begin()+0x834
V  [libjvm.so+0xacef7d]  VMThread::loop()+0x4bd
V  [libjvm.so+0xacf100]  VMThread::run()+0x70
V  [libjvm.so+0x926268]  java_start(Thread*)+0x108


---------------  P R O C E S S  ---------------

Java Threads: ( => current thread )
  0x00007f8994001000 JavaThread "ForkJoinPool.commonPool-worker-0" daemon [_thread_blocked, id=5622, stack(0x00007f89ec4a2000,0x00007f89ec5a3000)]
  0x00007f8a001b9800 JavaThread "ForkJoinPool.commonPool-worker-3" daemon [_thread_blocked, id=5621, stack(0x00007f89ec2a0000,0x00007f89ec3a1000)]
  0x00007f8a001bb800 JavaThread "ForkJoinPool.commonPool-worker-2" daemon [_thread_blocked, id=5620, stack(0x00007f89ec3a1000,0x00007f89ec4a2000)]
  0x00007f8a000c1800 JavaThread "Service Thread" daemon [_thread_blocked, id=5540, stack(0x00007f89ec6a4000,0x00007f89ec7a5000)]
  0x00007f8a000be000 JavaThread "C1 CompilerThread2" daemon [_thread_blocked, id=5539, stack(0x00007f89ec7a5000,0x00007f89ec8a6000)]
  0x00007f8a000bc800 JavaThread "C2 CompilerThread1" daemon [_thread_blocked, id=5538, stack(0x00007f89ec8a6000,0x00007f89ec9a7000)]
  0x00007f8a000b9800 JavaThread "C2 CompilerThread0" daemon [_thread_blocked, id=5537, stack(0x00007f89ec9a7000,0x00007f89ecaa8000)]
  0x00007f8a000b8000 JavaThread "Signal Dispatcher" daemon [_thread_blocked, id=5536, stack(0x00007f89ecaa8000,0x00007f89ecba9000)]
  0x00007f8a00083800 JavaThread "Finalizer" daemon [_thread_blocked, id=5534, stack(0x00007f89ecba9000,0x00007f89eccaa000)]
  0x00007f8a0007f000 JavaThread "Reference Handler" daemon [_thread_blocked, id=5533, stack(0x00007f89eccaa000,0x00007f89ecdab000)]
  0x00007f8a00009000 JavaThread "main" [_thread_in_Java, id=5527, stack(0x00007f8a06c7d000,0x00007f8a06d7e000)]

Other Threads:
=>0x00007f8a00077800 VMThread [stack: 0x00007f89ecdab000,0x00007f89eceac000] [id=5532]
  0x00007f8a000c4000 WatcherThread [stack: 0x00007f89ec5a3000,0x00007f89ec6a4000] [id=5541]

VM state:synchronizing (normal execution)

VM Mutex/Monitor currently owned by a thread:  ([mutex/lock_event])
[0x00007f8a000062a0] Safepoint_lock - owner thread: 0x00007f8a00077800
[0x00007f8a00006320] Threads_lock - owner thread: 0x00007f8a00077800

Heap:
 PSYoungGen      total 90624K, used 30658K [0x000000075b500000, 0x0000000761a00000, 0x00000007c0000000)
  eden space 77824K, 39% used [0x000000075b500000,0x000000075d2f0ba0,0x0000000760100000)
  from space 12800K, 0% used [0x0000000760d80000,0x0000000760d80000,0x0000000761a00000)
  to   space 12800K, 0% used [0x0000000760100000,0x0000000760100000,0x0000000760d80000)
 ParOldGen       total 207872K, used 0K [0x0000000691e00000, 0x000000069e900000, 0x000000075b500000)
  object space 207872K, 0% used [0x0000000691e00000,0x0000000691e00000,0x000000069e900000)
 Metaspace       used 3984K, capacity 4786K, committed 4864K, reserved 1056768K
  class space    used 450K, capacity 508K, committed 512K, reserved 1048576K

Card table byte_map: [0x00007f89efac9000,0x00007f89f043b000] byte_map_base: 0x00007f89ec63a000

Marking Bits: (ParMarkBitMap*) 0x00007f8a06158c80
 Begin Bits: [0x00007f89ce8f0000, 0x00007f89d3478000)
 End Bits:   [0x00007f89d3478000, 0x00007f89d8000000)

Polling page: 0x00007f8a06d9b000

CodeCache: size=245760Kb used=1601Kb max_used=1613Kb free=244158Kb
 bounds [0x00007f89f07fb000, 0x00007f89f0a6b000, 0x00007f89ff7fb000]
 total_blobs=544 nmethods=286 adapters=172
 compilation: enabled

Compilation events (10 events):
Event: 43.376 Thread 0x00007f8a000bc800  282 %     4       java.util.stream.Streams$RangeIntSpliterator::forEachRemaining @ 34 (65 bytes)
Event: 43.379 Thread 0x00007f8a000bc800 nmethod 282% 0x00007f89f098ce50 code [0x00007f89f098cfa0, 0x00007f89f098d278]
Event: 43.379 Thread 0x00007f8a000bc800  283       4       java.util.stream.Streams$RangeIntSpliterator::forEachRemaining (65 bytes)
Event: 43.382 Thread 0x00007f8a000bc800 nmethod 283 0x00007f89f098d3d0 code [0x00007f89f098d520, 0x00007f89f098d718]
Event: 43.383 Thread 0x00007f8a000b9800  284 %     4       java.util.stream.Streams$RangeIntSpliterator::forEachRemaining @ 34 (65 bytes)
Event: 43.386 Thread 0x00007f8a000bc800  285 %     4       org.fxapps.sorting.Main::generateAndShuffle @ 22 (57 bytes)
Event: 43.388 Thread 0x00007f8a000b9800 nmethod 284% 0x00007f89f098c610 code [0x00007f89f098c780, 0x00007f89f098cb38]
Event: 43.389 Thread 0x00007f8a000bc800 nmethod 285% 0x00007f89f098c110 code [0x00007f89f098c260, 0x00007f89f098c4b8]
Event: 43.389 Thread 0x00007f8a000b9800  286       4       org.fxapps.sorting.Main::generateAndShuffle (57 bytes)
Event: 43.392 Thread 0x00007f8a000b9800 nmethod 286 0x00007f89f098bb10 code [0x00007f89f098bc80, 0x00007f89f098bf58]

GC Heap History (0 events):
No events

Deoptimization events (9 events):
Event: 0.149 Thread 0x00007f8a00009000 Uncommon trap: reason=unstable_if action=reinterpret pc=0x00007f89f09683f4 method=org.fxapps.sorting.spi.algorithm.impl.InsertionSortAlgorithm.sort([I)V @ 54
Event: 0.150 Thread 0x00007f8a00009000 Uncommon trap: reason=unstable_if action=reinterpret pc=0x00007f89f096766c method=org.fxapps.sorting.spi.algorithm.impl.SelectionSortAlgorithm.sort([I)V @ 58
Event: 0.151 Thread 0x00007f8a00009000 Uncommon trap: reason=unstable_if action=reinterpret pc=0x00007f89f096a570 method=org.fxapps.sorting.spi.algorithm.impl.BubbleSortAlgorithm.sort([I)V @ 65
Event: 0.536 Thread 0x00007f8a00009000 Uncommon trap: reason=unstable_if action=reinterpret pc=0x00007f89f097191c method=java.util.concurrent.ThreadLocalRandom.nextInt(I)I @ 55
Event: 22.576 Thread 0x00007f8a001b9800 Uncommon trap: reason=unstable_if action=reinterpret pc=0x00007f89f097e000 method=java.util.ArraysParallelSortHelpers$FJInt$Merger.compute()V @ 319
Event: 22.576 Thread 0x00007f8994001000 Uncommon trap: reason=unstable_if action=reinterpret pc=0x00007f89f097e000 method=java.util.ArraysParallelSortHelpers$FJInt$Merger.compute()V @ 319
Event: 27.366 Thread 0x00007f8a00009000 Uncommon trap: reason=unstable_if action=reinterpret pc=0x00007f89f0980ab4 method=org.fxapps.sorting.spi.algorithm.impl.HeapSortAlgorithm.heapSort([I)V @ 35
Event: 43.380 Thread 0x00007f8a00009000 Uncommon trap: reason=unstable_if action=reinterpret pc=0x00007f89f098d18c method=java.util.stream.Streams$RangeIntSpliterator.forEachRemaining(Ljava/util/function/IntConsumer;)V @ 36
Event: 43.380 Thread 0x00007f8a001b9800 Uncommon trap: reason=unstable_if action=reinterpret pc=0x00007f89f098d18c method=java.util.stream.Streams$RangeIntSpliterator.forEachRemaining(Ljava/util/function/IntConsumer;)V @ 36

Internal exceptions (8 events):
Event: 0.022 Thread 0x00007f8a00009000 Exception <a 'java/lang/NoSuchMethodError': Method sun.misc.Unsafe.defineClass(Ljava/lang/String;[BII)Ljava/lang/Class; name or signature does not match> (0x000000075b507ca8) thrown at [/HUDSON3/workspace/8-2-build-linux-amd64/jdk8u121/8372/hotspot/src/sh
Event: 0.022 Thread 0x00007f8a00009000 Exception <a 'java/lang/NoSuchMethodError': Method sun.misc.Unsafe.prefetchRead(Ljava/lang/Object;J)V name or signature does not match> (0x000000075b507f90) thrown at [/HUDSON3/workspace/8-2-build-linux-amd64/jdk8u121/8372/hotspot/src/share/vm/prims/jni.c
Event: 0.094 Thread 0x00007f8a00009000 Exception <a 'java/lang/NoSuchFieldError': method resolution failed> (0x000000075b646d50) thrown at [/HUDSON3/workspace/8-2-build-linux-amd64/jdk8u121/8372/hotspot/src/share/vm/prims/methodHandles.cpp, line 1146]
Event: 0.095 Thread 0x00007f8a00009000 Exception <a 'java/lang/NoSuchFieldError': method resolution failed> (0x000000075b654150) thrown at [/HUDSON3/workspace/8-2-build-linux-amd64/jdk8u121/8372/hotspot/src/share/vm/prims/methodHandles.cpp, line 1146]
Event: 0.112 Thread 0x00007f8a00009000 Exception <a 'java/security/PrivilegedActionException'> (0x000000075b85f790) thrown at [/HUDSON3/workspace/8-2-build-linux-amd64/jdk8u121/8372/hotspot/src/share/vm/prims/jvm.cpp, line 1390]
Event: 0.112 Thread 0x00007f8a00009000 Exception <a 'java/security/PrivilegedActionException'> (0x000000075b85f9a0) thrown at [/HUDSON3/workspace/8-2-build-linux-amd64/jdk8u121/8372/hotspot/src/share/vm/prims/jvm.cpp, line 1390]
Event: 0.112 Thread 0x00007f8a00009000 Exception <a 'java/security/PrivilegedActionException'> (0x000000075b861ae8) thrown at [/HUDSON3/workspace/8-2-build-linux-amd64/jdk8u121/8372/hotspot/src/share/vm/prims/jvm.cpp, line 1390]
Event: 0.112 Thread 0x00007f8a00009000 Exception <a 'java/security/PrivilegedActionException'> (0x000000075b861cf8) thrown at [/HUDSON3/workspace/8-2-build-linux-amd64/jdk8u121/8372/hotspot/src/share/vm/prims/jvm.cpp, line 1390]

Events (10 events):
Event: 43.380 Thread 0x00007f8a001b9800 DEOPT UNPACKING pc=0x00007f89f0842633 sp=0x00007f89ec39f1d8 mode 0
Event: 43.380 Thread 0x00007f8994001000 DEOPT UNPACKING pc=0x00007f89f0842633 sp=0x00007f89ec5a1058 mode 0
Event: 43.380 Thread 0x00007f8a00009000 Uncommon trap: trap_request=0xffffff65 fr.pc=0x00007f89f098d18c
Event: 43.380 Thread 0x00007f8a001b9800 Uncommon trap: trap_request=0xffffff65 fr.pc=0x00007f89f098d18c
Event: 43.380 Thread 0x00007f8a00009000 DEOPT PACKING pc=0x00007f89f098d18c sp=0x00007f8a06d7c020
Event: 43.380 Thread 0x00007f8a001b9800 DEOPT PACKING pc=0x00007f89f098d18c sp=0x00007f89ec39f4a0
Event: 43.380 Thread 0x00007f8a00009000 DEOPT UNPACKING pc=0x00007f89f0800229 sp=0x00007f8a06d7bfd8 mode 2
Event: 43.380 Thread 0x00007f8a001b9800 DEOPT UNPACKING pc=0x00007f89f0800229 sp=0x00007f89ec39f458 mode 2
Event: 43.389 Thread 0x00007f8a00009000 DEOPT PACKING pc=0x00007f89f097bdd1 sp=0x00007f8a06d7c760
Event: 43.389 Thread 0x00007f8a00009000 DEOPT UNPACKING pc=0x00007f89f0842633 sp=0x00007f8a06d7c598 mode 0


Dynamic libraries:
00400000-00401000 r-xp 00000000 fd:01 1977193                            /opt/java/jdk1.8.0/bin/java
00600000-00601000 rw-p 00000000 fd:01 1977193                            /opt/java/jdk1.8.0/bin/java
014f1000-01512000 rw-p 00000000 00:00 0                                  [heap]
691e00000-69e900000 rw-p 00000000 00:00 0 
69e900000-75b500000 ---p 00000000 00:00 0 
75b500000-761a00000 rw-p 00000000 00:00 0 
761a00000-7c0000000 ---p 00000000 00:00 0 
7c0000000-7c0080000 rw-p 00000000 00:00 0 
7c0080000-800000000 ---p 00000000 00:00 0 
7f8994000000-7f8994021000 rw-p 00000000 00:00 0 
7f8994021000-7f8998000000 ---p 00000000 00:00 0 
7f899c000000-7f899c021000 rw-p 00000000 00:00 0 
7f899c021000-7f89a0000000 ---p 00000000 00:00 0 
7f89a0000000-7f89a0021000 rw-p 00000000 00:00 0 
7f89a0021000-7f89a4000000 ---p 00000000 00:00 0 
7f89a4000000-7f89a4021000 rw-p 00000000 00:00 0 
7f89a4021000-7f89a8000000 ---p 00000000 00:00 0 
7f89a8000000-7f89a8021000 rw-p 00000000 00:00 0 
7f89a8021000-7f89ac000000 ---p 00000000 00:00 0 
7f89ac000000-7f89ac17b000 rw-p 00000000 00:00 0 
7f89ac17b000-7f89b0000000 ---p 00000000 00:00 0 
7f89b0000000-7f89b01bb000 rw-p 00000000 00:00 0 
7f89b01bb000-7f89b4000000 ---p 00000000 00:00 0 
7f89b4000000-7f89b4113000 rw-p 00000000 00:00 0 
7f89b4113000-7f89b8000000 ---p 00000000 00:00 0 
7f89b9ad7000-7f89c0000000 r--p 00000000 fd:01 534750                     /usr/lib/locale/locale-archive
7f89c0000000-7f89c0021000 rw-p 00000000 00:00 0 
7f89c0021000-7f89c4000000 ---p 00000000 00:00 0 
7f89c4000000-7f89c4021000 rw-p 00000000 00:00 0 
7f89c4021000-7f89c8000000 ---p 00000000 00:00 0 
7f89c8000000-7f89c8021000 rw-p 00000000 00:00 0 
7f89c8021000-7f89cc000000 ---p 00000000 00:00 0 
7f89ce8f0000-7f89d8000000 rw-p 00000000 00:00 0 
7f89d8000000-7f89d8021000 rw-p 00000000 00:00 0 
7f89d8021000-7f89dc000000 ---p 00000000 00:00 0 
7f89dc000000-7f89dc021000 rw-p 00000000 00:00 0 
7f89dc021000-7f89e0000000 ---p 00000000 00:00 0 
7f89e0000000-7f89e0021000 rw-p 00000000 00:00 0 
7f89e0021000-7f89e4000000 ---p 00000000 00:00 0 
7f89e4000000-7f89e4021000 rw-p 00000000 00:00 0 
7f89e4021000-7f89e8000000 ---p 00000000 00:00 0 
7f89e8000000-7f89e8021000 rw-p 00000000 00:00 0 
7f89e8021000-7f89ec000000 ---p 00000000 00:00 0 
7f89ec019000-7f89ec2a0000 rw-p 00000000 00:00 0 
7f89ec2a0000-7f89ec2a3000 ---p 00000000 00:00 0 
7f89ec2a3000-7f89ec3a1000 rw-p 00000000 00:00 0 
7f89ec3a1000-7f89ec3a4000 ---p 00000000 00:00 0 
7f89ec3a4000-7f89ec4a2000 rw-p 00000000 00:00 0 
7f89ec4a2000-7f89ec4a5000 ---p 00000000 00:00 0 
7f89ec4a5000-7f89ec5a3000 rw-p 00000000 00:00 0 
7f89ec5a3000-7f89ec5a4000 ---p 00000000 00:00 0 
7f89ec5a4000-7f89ec6a4000 rw-p 00000000 00:00 0 
7f89ec6a4000-7f89ec6a7000 ---p 00000000 00:00 0 
7f89ec6a7000-7f89ec7a5000 rw-p 00000000 00:00 0 
7f89ec7a5000-7f89ec7a8000 ---p 00000000 00:00 0 
7f89ec7a8000-7f89ec8a6000 rw-p 00000000 00:00 0 
7f89ec8a6000-7f89ec8a9000 ---p 00000000 00:00 0 
7f89ec8a9000-7f89ec9a7000 rw-p 00000000 00:00 0 
7f89ec9a7000-7f89ec9aa000 ---p 00000000 00:00 0 
7f89ec9aa000-7f89ecaa8000 rw-p 00000000 00:00 0 
7f89ecaa8000-7f89ecaab000 ---p 00000000 00:00 0 
7f89ecaab000-7f89ecba9000 rw-p 00000000 00:00 0 
7f89ecba9000-7f89ecbac000 ---p 00000000 00:00 0 
7f89ecbac000-7f89eccaa000 rw-p 00000000 00:00 0 
7f89eccaa000-7f89eccad000 ---p 00000000 00:00 0 
7f89eccad000-7f89ecdab000 rw-p 00000000 00:00 0 
7f89ecdab000-7f89ecdac000 ---p 00000000 00:00 0 
7f89ecdac000-7f89ede60000 rw-p 00000000 00:00 0 
7f89ede60000-7f89ee039000 r--s 03d3e000 fd:01 1977237                    /opt/java/jdk1.8.0/jre/lib/rt.jar
7f89ee039000-7f89ee54a000 rw-p 00000000 00:00 0 
7f89ee54a000-7f89ee90a000 ---p 00000000 00:00 0 
7f89ee90a000-7f89ef27b000 rw-p 00000000 00:00 0 
7f89ef27b000-7f89ef27c000 ---p 00000000 00:00 0 
7f89ef27c000-7f89ef37c000 rw-p 00000000 00:00 0 
7f89ef37c000-7f89ef37d000 ---p 00000000 00:00 0 
7f89ef37d000-7f89ef4e3000 rw-p 00000000 00:00 0 
7f89ef4e3000-7f89efac9000 ---p 00000000 00:00 0 
7f89efac9000-7f89efb2f000 rw-p 00000000 00:00 0 
7f89efb2f000-7f89f0114000 ---p 00000000 00:00 0 
7f89f0114000-7f89f0147000 rw-p 00000000 00:00 0 
7f89f0147000-7f89f043a000 ---p 00000000 00:00 0 
7f89f043a000-7f89f0445000 rw-p 00000000 00:00 0 
7f89f0445000-7f89f07fb000 ---p 00000000 00:00 0 
7f89f07fb000-7f89f0a6b000 rwxp 00000000 00:00 0 
7f89f0a6b000-7f89ff7fb000 ---p 00000000 00:00 0 
7f89ff7fb000-7f8a00000000 r--s 00000000 fd:01 1321081                    /var/lib/sss/mc/passwd
7f8a00000000-7f8a001c3000 rw-p 00000000 00:00 0 
7f8a001c3000-7f8a04000000 ---p 00000000 00:00 0 
7f8a04004000-7f8a04017000 r--s 00345000 fd:01 1977429                    /opt/java/jdk1.8.0/jre/lib/resources.jar
7f8a04017000-7f8a04018000 ---p 00000000 00:00 0 
7f8a04018000-7f8a04118000 rw-p 00000000 00:00 0 
7f8a04118000-7f8a04119000 ---p 00000000 00:00 0 
7f8a04119000-7f8a04219000 rw-p 00000000 00:00 0 
7f8a04219000-7f8a04233000 r-xp 00000000 fd:01 1977268                    /opt/java/jdk1.8.0/jre/lib/amd64/libzip.so
7f8a04233000-7f8a04433000 ---p 0001a000 fd:01 1977268                    /opt/java/jdk1.8.0/jre/lib/amd64/libzip.so
7f8a04433000-7f8a04434000 rw-p 0001a000 fd:01 1977268                    /opt/java/jdk1.8.0/jre/lib/amd64/libzip.so
7f8a04434000-7f8a0443c000 r-xp 00000000 fd:01 292937                     /usr/lib64/libnss_sss.so.2
7f8a0443c000-7f8a0463b000 ---p 00008000 fd:01 292937                     /usr/lib64/libnss_sss.so.2
7f8a0463b000-7f8a0463c000 r--p 00007000 fd:01 292937                     /usr/lib64/libnss_sss.so.2
7f8a0463c000-7f8a0463d000 rw-p 00008000 fd:01 292937                     /usr/lib64/libnss_sss.so.2
7f8a0463d000-7f8a04649000 r-xp 00000000 fd:01 292841                     /usr/lib64/libnss_files-2.17.so
7f8a04649000-7f8a04848000 ---p 0000c000 fd:01 292841                     /usr/lib64/libnss_files-2.17.so
7f8a04848000-7f8a04849000 r--p 0000b000 fd:01 292841                     /usr/lib64/libnss_files-2.17.so
7f8a04849000-7f8a0484a000 rw-p 0000c000 fd:01 292841                     /usr/lib64/libnss_files-2.17.so
7f8a0484a000-7f8a04850000 rw-p 00000000 00:00 0 
7f8a04850000-7f8a0487b000 r-xp 00000000 fd:01 1977294                    /opt/java/jdk1.8.0/jre/lib/amd64/libjava.so
7f8a0487b000-7f8a04a7a000 ---p 0002b000 fd:01 1977294                    /opt/java/jdk1.8.0/jre/lib/amd64/libjava.so
7f8a04a7a000-7f8a04a7c000 rw-p 0002a000 fd:01 1977294                    /opt/java/jdk1.8.0/jre/lib/amd64/libjava.so
7f8a04a7c000-7f8a04a89000 r-xp 00000000 fd:01 1977246                    /opt/java/jdk1.8.0/jre/lib/amd64/libverify.so
7f8a04a89000-7f8a04c88000 ---p 0000d000 fd:01 1977246                    /opt/java/jdk1.8.0/jre/lib/amd64/libverify.so
7f8a04c88000-7f8a04c8a000 rw-p 0000c000 fd:01 1977246                    /opt/java/jdk1.8.0/jre/lib/amd64/libverify.so
7f8a04c8a000-7f8a04c91000 r-xp 00000000 fd:01 292844                     /usr/lib64/librt-2.17.so
7f8a04c91000-7f8a04e90000 ---p 00007000 fd:01 292844                     /usr/lib64/librt-2.17.so
7f8a04e90000-7f8a04e91000 r--p 00006000 fd:01 292844                     /usr/lib64/librt-2.17.so
7f8a04e91000-7f8a04e92000 rw-p 00007000 fd:01 292844                     /usr/lib64/librt-2.17.so
7f8a04e92000-7f8a04f92000 r-xp 00000000 fd:01 290953                     /usr/lib64/libm-2.17.so
7f8a04f92000-7f8a05192000 ---p 00100000 fd:01 290953                     /usr/lib64/libm-2.17.so
7f8a05192000-7f8a05193000 r--p 00100000 fd:01 290953                     /usr/lib64/libm-2.17.so
7f8a05193000-7f8a05194000 rw-p 00101000 fd:01 290953                     /usr/lib64/libm-2.17.so
7f8a05194000-7f8a05e62000 r-xp 00000000 fd:01 1977297                    /opt/java/jdk1.8.0/jre/lib/amd64/server/libjvm.so
7f8a05e62000-7f8a06062000 ---p 00cce000 fd:01 1977297                    /opt/java/jdk1.8.0/jre/lib/amd64/server/libjvm.so
7f8a06062000-7f8a0613b000 rw-p 00cce000 fd:01 1977297                    /opt/java/jdk1.8.0/jre/lib/amd64/server/libjvm.so
7f8a0613b000-7f8a06186000 rw-p 00000000 00:00 0 
7f8a06186000-7f8a0633d000 r-xp 00000000 fd:01 263033                     /usr/lib64/libc-2.17.so
7f8a0633d000-7f8a0653c000 ---p 001b7000 fd:01 263033                     /usr/lib64/libc-2.17.so
7f8a0653c000-7f8a06540000 r--p 001b6000 fd:01 263033                     /usr/lib64/libc-2.17.so
7f8a06540000-7f8a06542000 rw-p 001ba000 fd:01 263033                     /usr/lib64/libc-2.17.so
7f8a06542000-7f8a06547000 rw-p 00000000 00:00 0 
7f8a06547000-7f8a06549000 r-xp 00000000 fd:01 285926                     /usr/lib64/libdl-2.17.so
7f8a06549000-7f8a06749000 ---p 00002000 fd:01 285926                     /usr/lib64/libdl-2.17.so
7f8a06749000-7f8a0674a000 r--p 00002000 fd:01 285926                     /usr/lib64/libdl-2.17.so
7f8a0674a000-7f8a0674b000 rw-p 00003000 fd:01 285926                     /usr/lib64/libdl-2.17.so
7f8a0674b000-7f8a06760000 r-xp 00000000 fd:01 1976487                    /opt/java/jdk1.8.0/lib/amd64/jli/libjli.so
7f8a06760000-7f8a06960000 ---p 00015000 fd:01 1976487                    /opt/java/jdk1.8.0/lib/amd64/jli/libjli.so
7f8a06960000-7f8a06961000 rw-p 00015000 fd:01 1976487                    /opt/java/jdk1.8.0/lib/amd64/jli/libjli.so
7f8a06961000-7f8a06978000 r-xp 00000000 fd:01 263059                     /usr/lib64/libpthread-2.17.so
7f8a06978000-7f8a06b77000 ---p 00017000 fd:01 263059                     /usr/lib64/libpthread-2.17.so
7f8a06b77000-7f8a06b78000 r--p 00016000 fd:01 263059                     /usr/lib64/libpthread-2.17.so
7f8a06b78000-7f8a06b79000 rw-p 00017000 fd:01 263059                     /usr/lib64/libpthread-2.17.so
7f8a06b79000-7f8a06b7d000 rw-p 00000000 00:00 0 
7f8a06b7d000-7f8a06b9d000 r-xp 00000000 fd:01 296095                     /usr/lib64/ld-2.17.so
7f8a06ba2000-7f8a06ba7000 r--s 00084000 fd:01 1977342                    /opt/java/jdk1.8.0/jre/lib/jfr.jar
7f8a06ba7000-7f8a06c7d000 rw-p 00000000 00:00 0 
7f8a06c7d000-7f8a06c80000 ---p 00000000 00:00 0 
7f8a06c80000-7f8a06d82000 rw-p 00000000 00:00 0 
7f8a06d85000-7f8a06d86000 rw-p 00000000 00:00 0 
7f8a06d86000-7f8a06d8b000 r--s 002f9000 fd:01 1977219                    /opt/java/jdk1.8.0/jre/lib/charsets.jar
7f8a06d8b000-7f8a06d8e000 r--s 0001a000 fd:01 1977457                    /opt/java/jdk1.8.0/jre/lib/jce.jar
7f8a06d8e000-7f8a06d92000 r--s 0009a000 fd:01 1977218                    /opt/java/jdk1.8.0/jre/lib/jsse.jar
7f8a06d92000-7f8a06d9a000 rw-s 00000000 fd:01 130887                     /tmp/hsperfdata_wsiqueir/5521
7f8a06d9a000-7f8a06d9b000 rw-p 00000000 00:00 0 
7f8a06d9b000-7f8a06d9c000 ---p 00000000 00:00 0 
7f8a06d9c000-7f8a06d9d000 rw-p 00000000 00:00 0 
7f8a06d9d000-7f8a06d9e000 r--p 00020000 fd:01 296095                     /usr/lib64/ld-2.17.so
7f8a06d9e000-7f8a06d9f000 rw-p 00021000 fd:01 296095                     /usr/lib64/ld-2.17.so
7f8a06d9f000-7f8a06da0000 rw-p 00000000 00:00 0 
7ffe01881000-7ffe018a3000 rw-p 00000000 00:00 0                          [stack]
7ffe0190a000-7ffe0190c000 r-xp 00000000 00:00 0                          [vdso]
ffffffffff600000-ffffffffff601000 r-xp 00000000 00:00 0                  [vsyscall]

VM Arguments:
jvm_args: -Dfile.encoding=UTF-8 
java_command: org.fxapps.sorting.Main
java_class_path (initial): /opt/java/jdk1.8.0/jre/lib/resources.jar:/opt/java/jdk1.8.0/jre/lib/rt.jar:/opt/java/jdk1.8.0/jre/lib/jsse.jar:/opt/java/jdk1.8.0/jre/lib/jce.jar:/opt/java/jdk1.8.0/jre/lib/charsets.jar:/opt/java/jdk1.8.0/jre/lib/jfr.jar:/opt/java/jdk1.8.0/jre/lib/ext/sunec.jar:/opt/java/jdk1.8.0/jre/lib/ext/jaccess.jar:/opt/java/jdk1.8.0/jre/lib/ext/localedata.jar:/opt/java/jdk1.8.0/jre/lib/ext/zipfs.jar:/opt/java/jdk1.8.0/jre/lib/ext/dnsns.jar:/opt/java/jdk1.8.0/jre/lib/ext/sunjce_provider.jar:/opt/java/jdk1.8.0/jre/lib/ext/cldrdata.jar:/opt/java/jdk1.8.0/jre/lib/ext/nashorn.jar:/opt/java/jdk1.8.0/jre/lib/ext/sunpkcs11.jar:/opt/java/jdk1.8.0/jre/lib/ext/jfxrt.jar:/home/wsiqueir/workspace-jbds9/sorting-algorithms-analysis/target/classes
Launcher Type: SUN_STANDARD

Environment Variables:
JAVA_HOME=/opt/java/jdk1.9.0
PATH=/home/wsiqueir/anaconda3/bin:/home/wsiqueir/bin:/opt/java/jdk1.9.0/bin:/opt/gradle/gradle-2.4/bin:/opt/maven/apache-maven-3.3.9/bin:/opt/ant/apache-ant-1.8.2/bin:/home/wsiqueir/anaconda3/bin:/home/wsiqueir/bin:/opt/java/jdk1.8.0/bin:/opt/gradle/gradle-1.11/bin:/opt/maven/apache-maven-3.3.9/bin:/opt/ant/apache-ant-1.8.2/bin:/usr/lib64/qt-3.3/bin:/usr/local/bin:/usr/local/sbin:/usr/bin:/usr/sbin:/bin:/sbin:/home/wsiqueir/.local/bin:/home/wsiqueir/bin
USERNAME=wsiqueir
SHELL=/bin/bash
DISPLAY=:0

Signal Handlers:
SIGSEGV: [libjvm.so+0xac78c0], sa_mask[0]=11111111011111111101111111111110, sa_flags=SA_RESTART|SA_SIGINFO
SIGBUS: [libjvm.so+0xac78c0], sa_mask[0]=11111111011111111101111111111110, sa_flags=SA_RESTART|SA_SIGINFO
SIGFPE: [libjvm.so+0x920ac0], sa_mask[0]=11111111011111111101111111111110, sa_flags=SA_RESTART|SA_SIGINFO
SIGPIPE: [libjvm.so+0x920ac0], sa_mask[0]=11111111011111111101111111111110, sa_flags=SA_RESTART|SA_SIGINFO
SIGXFSZ: [libjvm.so+0x920ac0], sa_mask[0]=11111111011111111101111111111110, sa_flags=SA_RESTART|SA_SIGINFO
SIGILL: [libjvm.so+0x920ac0], sa_mask[0]=11111111011111111101111111111110, sa_flags=SA_RESTART|SA_SIGINFO
SIGUSR1: SIG_DFL, sa_mask[0]=00000000000000000000000000000000, sa_flags=none
SIGUSR2: [libjvm.so+0x922300], sa_mask[0]=00100000000000000000000000000000, sa_flags=SA_RESTART|SA_SIGINFO
SIGHUP: [libjvm.so+0x923700], sa_mask[0]=11111111011111111101111111111110, sa_flags=SA_RESTART|SA_SIGINFO
SIGINT: [libjvm.so+0x923700], sa_mask[0]=11111111011111111101111111111110, sa_flags=SA_RESTART|SA_SIGINFO
SIGTERM: [libjvm.so+0x923700], sa_mask[0]=11111111011111111101111111111110, sa_flags=SA_RESTART|SA_SIGINFO
SIGQUIT: [libjvm.so+0x923700], sa_mask[0]=11111111011111111101111111111110, sa_flags=SA_RESTART|SA_SIGINFO


---------------  S Y S T E M  ---------------

OS:Red Hat Enterprise Linux Workstation release 7.3 (Maipo)

uname:Linux 3.10.0-693.11.6.el7.x86_64 #1 SMP Thu Dec 28 14:23:39 EST 2017 x86_64
libc:glibc 2.17 NPTL 2.17 
rlimit: STACK 8192k, CORE 0k, NPROC 4096, NOFILE 4096, AS infinity
load average:1.94 1.98 1.62

/proc/meminfo:
MemTotal:       19799032 kB
MemFree:         5510076 kB
MemAvailable:   10097812 kB
Buffers:          696484 kB
Cached:          3327684 kB
SwapCached:       122352 kB
Active:          9103560 kB
Inactive:        3168352 kB
Active(anon):    7288196 kB
Inactive(anon):  1572168 kB
Active(file):    1815364 kB
Inactive(file):  1596184 kB
Unevictable:       10468 kB
Mlocked:           10468 kB
SwapTotal:      10027004 kB
SwapFree:        9222112 kB
Dirty:                64 kB
Writeback:             0 kB
AnonPages:       8154824 kB
Mapped:           694728 kB
Shmem:            612620 kB
Slab:            1680604 kB
SReclaimable:    1528716 kB
SUnreclaim:       151888 kB
KernelStack:       16256 kB
PageTables:        84196 kB
NFS_Unstable:          0 kB
Bounce:                0 kB
WritebackTmp:          0 kB
CommitLimit:    19926520 kB
Committed_AS:   16183392 kB
VmallocTotal:   34359738367 kB
VmallocUsed:      406992 kB
VmallocChunk:   34358947836 kB
HardwareCorrupted:     0 kB
AnonHugePages:    833536 kB
HugePages_Total:       0
HugePages_Free:        0
HugePages_Rsvd:        0
HugePages_Surp:        0
Hugepagesize:       2048 kB
DirectMap4k:      394984 kB
DirectMap2M:    14731264 kB
DirectMap1G:     5242880 kB


CPU:total 4 (2 cores per cpu, 2 threads per core) family 6 model 78 stepping 3, cmov, cx8, fxsr, mmx, sse, sse2, sse3, ssse3, sse4.1, sse4.2, popcnt, avx, avx2, aes, clmul, erms, rtm, 3dnowpref, lzcnt, ht, tsc, tscinvbit, bmi1, bmi2, adx

/proc/cpuinfo:
processor	: 0
vendor_id	: GenuineIntel
cpu family	: 6
model		: 78
model name	: Intel(R) Core(TM) i7-6600U CPU @ 2.60GHz
stepping	: 3
microcode	: 0x9e
cpu MHz		: 3199.984
cache size	: 4096 KB
physical id	: 0
siblings	: 4
core id		: 0
cpu cores	: 2
apicid		: 0
initial apicid	: 0
fpu		: yes
fpu_exception	: yes
cpuid level	: 22
wp		: yes
flags		: fpu vme de pse tsc msr pae mce cx8 apic sep mtrr pge mca cmov pat pse36 clflush dts acpi mmx fxsr sse sse2 ss ht tm pbe syscall nx pdpe1gb rdtscp lm constant_tsc art arch_perfmon pebs bts rep_good nopl xtopology nonstop_tsc aperfmperf eagerfpu pni pclmulqdq dtes64 monitor ds_cpl vmx smx est tm2 ssse3 fma cx16 xtpr pdcm pcid sse4_1 sse4_2 x2apic movbe popcnt tsc_deadline_timer aes xsave avx f16c rdrand lahf_lm abm 3dnowprefetch epb invpcid_single intel_pt tpr_shadow vnmi flexpriority ept vpid fsgsbase tsc_adjust bmi1 hle avx2 smep bmi2 erms invpcid rtm mpx rdseed adx smap clflushopt xsaveopt xsavec xgetbv1 dtherm ida arat pln pts hwp hwp_notify hwp_act_window hwp_epp
bogomips	: 5616.00
clflush size	: 64
cache_alignment	: 64
address sizes	: 39 bits physical, 48 bits virtual
power management:

processor	: 1
vendor_id	: GenuineIntel
cpu family	: 6
model		: 78
model name	: Intel(R) Core(TM) i7-6600U CPU @ 2.60GHz
stepping	: 3
microcode	: 0x9e
cpu MHz		: 3199.984
cache size	: 4096 KB
physical id	: 0
siblings	: 4
core id		: 1
cpu cores	: 2
apicid		: 2
initial apicid	: 2
fpu		: yes
fpu_exception	: yes
cpuid level	: 22
wp		: yes
flags		: fpu vme de pse tsc msr pae mce cx8 apic sep mtrr pge mca cmov pat pse36 clflush dts acpi mmx fxsr sse sse2 ss ht tm pbe syscall nx pdpe1gb rdtscp lm constant_tsc art arch_perfmon pebs bts rep_good nopl xtopology nonstop_tsc aperfmperf eagerfpu pni pclmulqdq dtes64 monitor ds_cpl vmx smx est tm2 ssse3 fma cx16 xtpr pdcm pcid sse4_1 sse4_2 x2apic movbe popcnt tsc_deadline_timer aes xsave avx f16c rdrand lahf_lm abm 3dnowprefetch epb invpcid_single intel_pt tpr_shadow vnmi flexpriority ept vpid fsgsbase tsc_adjust bmi1 hle avx2 smep bmi2 erms invpcid rtm mpx rdseed adx smap clflushopt xsaveopt xsavec xgetbv1 dtherm ida arat pln pts hwp hwp_notify hwp_act_window hwp_epp
bogomips	: 5616.00
clflush size	: 64
cache_alignment	: 64
address sizes	: 39 bits physical, 48 bits virtual
power management:

processor	: 2
vendor_id	: GenuineIntel
cpu family	: 6
model		: 78
model name	: Intel(R) Core(TM) i7-6600U CPU @ 2.60GHz
stepping	: 3
microcode	: 0x9e
cpu MHz		: 3199.984
cache size	: 4096 KB
physical id	: 0
siblings	: 4
core id		: 0
cpu cores	: 2
apicid		: 1
initial apicid	: 1
fpu		: yes
fpu_exception	: yes
cpuid level	: 22
wp		: yes
flags		: fpu vme de pse tsc msr pae mce cx8 apic sep mtrr pge mca cmov pat pse36 clflush dts acpi mmx fxsr sse sse2 ss ht tm pbe syscall nx pdpe1gb rdtscp lm constant_tsc art arch_perfmon pebs bts rep_good nopl xtopology nonstop_tsc aperfmperf eagerfpu pni pclmulqdq dtes64 monitor ds_cpl vmx smx est tm2 ssse3 fma cx16 xtpr pdcm pcid sse4_1 sse4_2 x2apic movbe popcnt tsc_deadline_timer aes xsave avx f16c rdrand lahf_lm abm 3dnowprefetch epb invpcid_single intel_pt tpr_shadow vnmi flexpriority ept vpid fsgsbase tsc_adjust bmi1 hle avx2 smep bmi2 erms invpcid rtm mpx rdseed adx smap clflushopt xsaveopt xsavec xgetbv1 dtherm ida arat pln pts hwp hwp_notify hwp_act_window hwp_epp
bogomips	: 5616.00
clflush size	: 64
cache_alignment	: 64
address sizes	: 39 bits physical, 48 bits virtual
power management:

processor	: 3
vendor_id	: GenuineIntel
cpu family	: 6
model		: 78
model name	: Intel(R) Core(TM) i7-6600U CPU @ 2.60GHz
stepping	: 3
microcode	: 0x9e
cpu MHz		: 3199.984
cache size	: 4096 KB
physical id	: 0
siblings	: 4
core id		: 1
cpu cores	: 2
apicid		: 3
initial apicid	: 3
fpu		: yes
fpu_exception	: yes
cpuid level	: 22
wp		: yes
flags		: fpu vme de pse tsc msr pae mce cx8 apic sep mtrr pge mca cmov pat pse36 clflush dts acpi mmx fxsr sse sse2 ss ht tm pbe syscall nx pdpe1gb rdtscp lm constant_tsc art arch_perfmon pebs bts rep_good nopl xtopology nonstop_tsc aperfmperf eagerfpu pni pclmulqdq dtes64 monitor ds_cpl vmx smx est tm2 ssse3 fma cx16 xtpr pdcm pcid sse4_1 sse4_2 x2apic movbe popcnt tsc_deadline_timer aes xsave avx f16c rdrand lahf_lm abm 3dnowprefetch epb invpcid_single intel_pt tpr_shadow vnmi flexpriority ept vpid fsgsbase tsc_adjust bmi1 hle avx2 smep bmi2 erms invpcid rtm mpx rdseed adx smap clflushopt xsaveopt xsavec xgetbv1 dtherm ida arat pln pts hwp hwp_notify hwp_act_window hwp_epp
bogomips	: 5616.00
clflush size	: 64
cache_alignment	: 64
address sizes	: 39 bits physical, 48 bits virtual
power management:



Memory: 4k page, physical 19799032k(5510076k free), swap 10027004k(9222112k free)

vm_info: Java HotSpot(TM) 64-Bit Server VM (25.121-b13) for linux-amd64 JRE (1.8.0_121-b13), built on Dec 12 2016 16:36:53 by "java_re" with gcc 4.3.0 20080428 (Red Hat 4.3.0-8)

time: Sun Mar 18 11:47:41 2018
elapsed time: 1069 seconds (0d 0h 17m 49s)

